<?xml version="1.0" encoding="UTF-8"?>
<testng-results ignored="2" total="4" passed="2" failed="0" skipped="0">
  <reporter-output>
  </reporter-output>
  <suite started-at="2025-08-11T15:24:03 IST" name="AOB Test Suite" finished-at="2025-08-11T15:24:35 IST" duration-ms="32039">
    <groups>
    </groups>
    <test started-at="2025-08-11T15:24:03 IST" name="Verify HOD User Tags Resource" finished-at="2025-08-11T15:24:35 IST" duration-ms="32039">
      <class name="testCases.LoginTest">
        <test-method is-config="true" signature="init(java.lang.String, java.lang.String, java.lang.String, java.lang.String, java.lang.String)[pri:0, instance:testCases.LoginTest@355ce6a6]" started-at="2025-08-11T15:24:03 IST" name="init" finished-at="2025-08-11T15:24:13 IST" duration-ms="10339" status="PASS">
          <params>
            <param index="0">
              <value>
                <![CDATA[QA]]>
              </value>
            </param>
            <param index="1">
              <value>
                <![CDATA[Chrome]]>
              </value>
            </param>
            <param index="2">
              <value>
                <![CDATA[]]>
              </value>
            </param>
            <param index="3">
              <value>
                <![CDATA[Regression]]>
              </value>
            </param>
            <param index="4">
              <value>
                <![CDATA[UI]]>
              </value>
            </param>
          </params>
          <reporter-output>
          </reporter-output>
        </test-method> <!-- init -->
        <test-method signature="LoginTC(java.lang.String, java.lang.String, java.lang.String)[pri:0, instance:testCases.LoginTest@355ce6a6]" started-at="2025-08-11T15:24:13 IST" name="LoginTC" finished-at="2025-08-11T15:24:25 IST" duration-ms="11944" status="PASS">
          <params>
            <param index="0">
              <value>
                <![CDATA[Chrome]]>
              </value>
            </param>
            <param index="1">
              <value>
                <![CDATA[sneh.Solanki@rishabhsoft.com]]>
              </value>
            </param>
            <param index="2">
              <value>
                <![CDATA[Ss@082025]]>
              </value>
            </param>
          </params>
          <reporter-output>
          </reporter-output>
        </test-method> <!-- LoginTC -->
        <test-method is-config="true" signature="tearDown()[pri:0, instance:testCases.LoginTest@355ce6a6]" started-at="2025-08-11T15:24:33 IST" name="tearDown" finished-at="2025-08-11T15:24:35 IST" duration-ms="1858" status="PASS">
          <reporter-output>
          </reporter-output>
        </test-method> <!-- tearDown -->
      </class> <!-- testCases.LoginTest -->
      <class name="testCases.VerifyHODUserTagsResource">
        <test-method signature="verifyHODUserCanTagResource(java.lang.String)[pri:0, instance:testCases.VerifyHODUserTagsResource@b768a65]" started-at="2025-08-11T15:24:25 IST" name="verifyHODUserCanTagResource" description="Verify that HOD user can tag a resource for a given opportunity" finished-at="2025-08-11T15:24:33 IST" duration-ms="7508" status="PASS">
          <params>
            <param index="0">
              <value>
                <![CDATA[CuraMind AI Patient Monitoring System]]>
              </value>
            </param>
          </params>
          <reporter-output>
          </reporter-output>
        </test-method> <!-- verifyHODUserCanTagResource -->
      </class> <!-- testCases.VerifyHODUserTagsResource -->
    </test> <!-- Verify HOD User Tags Resource -->
  </suite> <!-- AOB Test Suite -->
</testng-results>
