-------------------------------------------------------------------------------
Test set: TestSuite
-------------------------------------------------------------------------------
Tests run: 2, Failures: 1, Errors: 0, Skipped: 0, Time elapsed: 66.40 s <<< FAILURE! -- in TestSuite
testCases.VerifyAddReasonFromTagResourceAndCheckOnDashBoard.verifyUserCanAddReasonforTaggedResourceAndValidateitisVisibleOnDashBoard[IntelliCare AI Health Risk Model, Skill Mismatch](1) -- Time elapsed: 45.22 s <<< FAILURE!
java.lang.AssertionError: Exception while verifying Opportunity ID: Opportunity ID 'IntelliCare AI Health Risk Model' did not appear in search results within timeout.
	at org.testng.Assert.fail(Assert.java:97)
	at businesslogic.TagResourcesBL.verifyReasonAppearOnDashBoardScreen(TagResourcesBL.java:306)
	at testCases.VerifyAddReasonFromTagResourceAndCheckOnDashBoard.verifyUserCanAddReasonforTaggedResourceAndValidateitisVisibleOnDashBoard(VerifyAddReasonFromTagResourceAndCheckOnDashBoard.java:43)
	at java.base/jdk.internal.reflect.DirectMethodHandleAccessor.invoke(DirectMethodHandleAccessor.java:103)
	at java.base/java.lang.reflect.Method.invoke(Method.java:580)
	at org.testng.internal.MethodInvocationHelper.invokeMethod(MethodInvocationHelper.java:134)
	at org.testng.internal.TestInvoker.invokeMethod(TestInvoker.java:597)
	at org.testng.internal.TestInvoker.invokeTestMethod(TestInvoker.java:173)
	at org.testng.internal.MethodRunner.runInSequence(MethodRunner.java:46)
	at org.testng.internal.TestInvoker$MethodInvocationAgent.invoke(TestInvoker.java:816)
	at org.testng.internal.TestInvoker.invokeTestMethods(TestInvoker.java:146)
	at org.testng.internal.TestMethodWorker.invokeTestMethods(TestMethodWorker.java:146)
	at org.testng.internal.TestMethodWorker.run(TestMethodWorker.java:128)
	at java.base/java.util.ArrayList.forEach(ArrayList.java:1596)
	at org.testng.TestRunner.privateRun(TestRunner.java:766)
	at org.testng.TestRunner.run(TestRunner.java:587)
	at org.testng.SuiteRunner.runTest(SuiteRunner.java:384)
	at org.testng.SuiteRunner.access$000(SuiteRunner.java:28)
	at org.testng.SuiteRunner$SuiteWorker.run(SuiteRunner.java:425)
	at org.testng.internal.thread.ThreadUtil.lambda$execute$0(ThreadUtil.java:68)
	at java.base/java.util.concurrent.FutureTask.run(FutureTask.java:317)
	at java.base/java.util.concurrent.ThreadPoolExecutor.runWorker(ThreadPoolExecutor.java:1144)
	at java.base/java.util.concurrent.ThreadPoolExecutor$Worker.run(ThreadPoolExecutor.java:642)
	at java.base/java.lang.Thread.run(Thread.java:1583)

