<?xml version="1.0" encoding="UTF-8"?>
<testsuite xmlns:xsi="http://www.w3.org/2001/XMLSchema-instance" xsi:noNamespaceSchemaLocation="https://maven.apache.org/surefire/maven-surefire-plugin/xsd/surefire-test-report.xsd" version="3.0.2" name="TestSuite" time="66.402" tests="2" errors="0" skipped="0" failures="1">
  <properties>
[...]
</properties>
  <testcase name="LoginTC[Chrome, sneh.Solanki@rishabhsoft.com, Ss@082025](1)" classname="testCases.LoginTest" time="12.19">
    <system-out><![CDATA[URL is for testing before opening browser:   https://stagaob.rishabhsoft.com/ui/#/login
URL for testing :  https://stagaob.rishabhsoft.com/ui/#/login
14:38:25.157 [TestNG-tests-1] DEBUG automationEngine.ApplicationSetup - Timeout time set to : = 30
Browser Driver executable downloaded
Started Options
Chrome Prefs enabled
14:38:25.508 [TestNG-tests-1] DEBUG io.netty.util.internal.logging.InternalLoggerFactory - Using Log4J2 as the default logging framework
14:38:25.514 [TestNG-tests-1] DEBUG io.netty.util.ResourceLeakDetector - -Dio.netty.leakDetection.level: simple
14:38:25.515 [TestNG-tests-1] DEBUG io.netty.util.ResourceLeakDetector - -Dio.netty.leakDetection.targetRecords: 4
14:38:25.532 [TestNG-tests-1] DEBUG io.netty.util.ResourceLeakDetectorFactory - Loaded default ResourceLeakDetector: io.netty.util.ResourceLeakDetector@337a9688
14:38:25.545 [TestNG-tests-1] DEBUG io.netty.util.internal.PlatformDependent0 - -Dio.netty.noUnsafe: false
14:38:25.546 [TestNG-tests-1] DEBUG io.netty.util.internal.PlatformDependent0 - Java version: 21
14:38:25.548 [TestNG-tests-1] DEBUG io.netty.util.internal.PlatformDependent0 - sun.misc.Unsafe.theUnsafe: available
14:38:25.549 [TestNG-tests-1] DEBUG io.netty.util.internal.PlatformDependent0 - sun.misc.Unsafe.copyMemory: available
14:38:25.549 [TestNG-tests-1] DEBUG io.netty.util.internal.PlatformDependent0 - sun.misc.Unsafe.storeFence: available
14:38:25.550 [TestNG-tests-1] DEBUG io.netty.util.internal.PlatformDependent0 - java.nio.Buffer.address: available
14:38:25.551 [TestNG-tests-1] DEBUG io.netty.util.internal.PlatformDependent0 - direct buffer constructor: unavailable
java.lang.NoSuchMethodException: java.nio.DirectByteBuffer.<init>(long,int)
	at java.base/java.lang.Class.getConstructor0(Class.java:3761) ~[?:?]
	at java.base/java.lang.Class.getDeclaredConstructor(Class.java:2930) ~[?:?]
	at io.netty.util.internal.PlatformDependent0$5.run(PlatformDependent0.java:287) ~[netty-common-4.1.92.Final.jar:4.1.92.Final]
	at java.base/java.security.AccessController.doPrivileged(AccessController.java:319) ~[?:?]
	at io.netty.util.internal.PlatformDependent0.<clinit>(PlatformDependent0.java:282) ~[netty-common-4.1.92.Final.jar:4.1.92.Final]
	at io.netty.util.internal.PlatformDependent.isAndroid(PlatformDependent.java:333) ~[netty-common-4.1.92.Final.jar:4.1.92.Final]
	at io.netty.util.internal.PlatformDependent.<clinit>(PlatformDependent.java:88) ~[netty-common-4.1.92.Final.jar:4.1.92.Final]
	at io.netty.util.HashedWheelTimer.<init>(HashedWheelTimer.java:114) ~[netty-common-4.1.92.Final.jar:4.1.92.Final]
	at io.netty.util.HashedWheelTimer.<init>(HashedWheelTimer.java:251) ~[netty-common-4.1.92.Final.jar:4.1.92.Final]
	at io.netty.util.HashedWheelTimer.<init>(HashedWheelTimer.java:224) ~[netty-common-4.1.92.Final.jar:4.1.92.Final]
	at io.netty.util.HashedWheelTimer.<init>(HashedWheelTimer.java:203) ~[netty-common-4.1.92.Final.jar:4.1.92.Final]
	at org.asynchttpclient.DefaultAsyncHttpClient.newNettyTimer(DefaultAsyncHttpClient.java:111) ~[async-http-client-2.12.3.jar:?]
	at org.asynchttpclient.DefaultAsyncHttpClient.<init>(DefaultAsyncHttpClient.java:90) ~[async-http-client-2.12.3.jar:?]
	at org.asynchttpclient.Dsl.asyncHttpClient(Dsl.java:32) ~[async-http-client-2.12.3.jar:?]
	at org.openqa.selenium.remote.http.netty.NettyClient.createHttpClient(NettyClient.java:91) ~[selenium-remote-driver-4.11.0.jar:?]
	at org.openqa.selenium.remote.http.netty.NettyClient.<clinit>(NettyClient.java:43) ~[selenium-remote-driver-4.11.0.jar:?]
	at org.openqa.selenium.remote.http.netty.NettyClient$Factory.createClient(NettyClient.java:124) ~[selenium-remote-driver-4.11.0.jar:?]
	at org.openqa.selenium.remote.HttpCommandExecutor.<init>(HttpCommandExecutor.java:115) ~[selenium-remote-driver-4.11.0.jar:?]
	at org.openqa.selenium.remote.HttpCommandExecutor.<init>(HttpCommandExecutor.java:92) ~[selenium-remote-driver-4.11.0.jar:?]
	at org.openqa.selenium.remote.service.DriverCommandExecutor.<init>(DriverCommandExecutor.java:89) ~[selenium-remote-driver-4.11.0.jar:?]
	at org.openqa.selenium.chromium.ChromiumDriverCommandExecutor.<init>(ChromiumDriverCommandExecutor.java:43) ~[selenium-chromium-driver-4.11.0.jar:?]
	at org.openqa.selenium.chrome.ChromeDriver$ChromeDriverCommandExecutor.<init>(ChromeDriver.java:115) ~[selenium-chrome-driver-4.11.0.jar:?]
	at org.openqa.selenium.chrome.ChromeDriver.generateExecutor(ChromeDriver.java:105) ~[selenium-chrome-driver-4.11.0.jar:?]
	at org.openqa.selenium.chrome.ChromeDriver.<init>(ChromeDriver.java:88) ~[selenium-chrome-driver-4.11.0.jar:?]
	at org.openqa.selenium.chrome.ChromeDriver.<init>(ChromeDriver.java:83) ~[selenium-chrome-driver-4.11.0.jar:?]
	at org.openqa.selenium.chrome.ChromeDriver.<init>(ChromeDriver.java:72) ~[selenium-chrome-driver-4.11.0.jar:?]
	at automationEngine.ApplicationSetup.startBrowser(ApplicationSetup.java:194) ~[classes/:?]
	at automationEngine.ApplicationSetup.init(ApplicationSetup.java:102) ~[classes/:?]
	at java.base/jdk.internal.reflect.DirectMethodHandleAccessor.invoke(DirectMethodHandleAccessor.java:103) ~[?:?]
	at java.base/java.lang.reflect.Method.invoke(Method.java:580) ~[?:?]
	at org.testng.internal.MethodInvocationHelper.invokeMethod(MethodInvocationHelper.java:134) ~[testng-7.1.0.jar:?]
	at org.testng.internal.MethodInvocationHelper.invokeMethodConsideringTimeout(MethodInvocationHelper.java:63) ~[testng-7.1.0.jar:?]
	at org.testng.internal.ConfigInvoker.invokeConfigurationMethod(ConfigInvoker.java:348) ~[testng-7.1.0.jar:?]
	at org.testng.internal.ConfigInvoker.invokeConfigurations(ConfigInvoker.java:302) ~[testng-7.1.0.jar:?]
	at org.testng.TestRunner.invokeTestConfigurations(TestRunner.java:619) ~[testng-7.1.0.jar:?]
	at org.testng.TestRunner.beforeRun(TestRunner.java:609) ~[testng-7.1.0.jar:?]
	at org.testng.TestRunner.run(TestRunner.java:580) ~[testng-7.1.0.jar:?]
	at org.testng.SuiteRunner.runTest(SuiteRunner.java:384) ~[testng-7.1.0.jar:?]
	at org.testng.SuiteRunner.access$000(SuiteRunner.java:28) ~[testng-7.1.0.jar:?]
	at org.testng.SuiteRunner$SuiteWorker.run(SuiteRunner.java:425) ~[testng-7.1.0.jar:?]
	at org.testng.internal.thread.ThreadUtil.lambda$execute$0(ThreadUtil.java:68) ~[testng-7.1.0.jar:?]
	at java.base/java.util.concurrent.FutureTask.run(FutureTask.java:317) ~[?:?]
	at java.base/java.util.concurrent.ThreadPoolExecutor.runWorker(ThreadPoolExecutor.java:1144) ~[?:?]
	at java.base/java.util.concurrent.ThreadPoolExecutor$Worker.run(ThreadPoolExecutor.java:642) ~[?:?]
	at java.base/java.lang.Thread.run(Thread.java:1583) [?:?]
14:38:25.561 [TestNG-tests-1] DEBUG io.netty.util.internal.PlatformDependent0 - java.nio.Bits.unaligned: available, true
14:38:25.564 [TestNG-tests-1] DEBUG io.netty.util.internal.PlatformDependent0 - jdk.internal.misc.Unsafe.allocateUninitializedArray(int): unavailable
java.lang.IllegalAccessException: class io.netty.util.internal.PlatformDependent0$7 cannot access class jdk.internal.misc.Unsafe (in module java.base) because module java.base does not export jdk.internal.misc to unnamed module @7d900ecf
	at java.base/jdk.internal.reflect.Reflection.newIllegalAccessException(Reflection.java:394) ~[?:?]
	at java.base/java.lang.reflect.AccessibleObject.checkAccess(AccessibleObject.java:714) ~[?:?]
	at java.base/java.lang.reflect.Method.invoke(Method.java:571) ~[?:?]
	at io.netty.util.internal.PlatformDependent0$7.run(PlatformDependent0.java:410) ~[netty-common-4.1.92.Final.jar:4.1.92.Final]
	at java.base/java.security.AccessController.doPrivileged(AccessController.java:319) ~[?:?]
	at io.netty.util.internal.PlatformDependent0.<clinit>(PlatformDependent0.java:401) ~[netty-common-4.1.92.Final.jar:4.1.92.Final]
	at io.netty.util.internal.PlatformDependent.isAndroid(PlatformDependent.java:333) ~[netty-common-4.1.92.Final.jar:4.1.92.Final]
	at io.netty.util.internal.PlatformDependent.<clinit>(PlatformDependent.java:88) ~[netty-common-4.1.92.Final.jar:4.1.92.Final]
	at io.netty.util.HashedWheelTimer.<init>(HashedWheelTimer.java:114) ~[netty-common-4.1.92.Final.jar:4.1.92.Final]
	at io.netty.util.HashedWheelTimer.<init>(HashedWheelTimer.java:251) ~[netty-common-4.1.92.Final.jar:4.1.92.Final]
	at io.netty.util.HashedWheelTimer.<init>(HashedWheelTimer.java:224) ~[netty-common-4.1.92.Final.jar:4.1.92.Final]
	at io.netty.util.HashedWheelTimer.<init>(HashedWheelTimer.java:203) ~[netty-common-4.1.92.Final.jar:4.1.92.Final]
	at org.asynchttpclient.DefaultAsyncHttpClient.newNettyTimer(DefaultAsyncHttpClient.java:111) ~[async-http-client-2.12.3.jar:?]
	at org.asynchttpclient.DefaultAsyncHttpClient.<init>(DefaultAsyncHttpClient.java:90) ~[async-http-client-2.12.3.jar:?]
	at org.asynchttpclient.Dsl.asyncHttpClient(Dsl.java:32) ~[async-http-client-2.12.3.jar:?]
	at org.openqa.selenium.remote.http.netty.NettyClient.createHttpClient(NettyClient.java:91) ~[selenium-remote-driver-4.11.0.jar:?]
	at org.openqa.selenium.remote.http.netty.NettyClient.<clinit>(NettyClient.java:43) ~[selenium-remote-driver-4.11.0.jar:?]
	at org.openqa.selenium.remote.http.netty.NettyClient$Factory.createClient(NettyClient.java:124) ~[selenium-remote-driver-4.11.0.jar:?]
	at org.openqa.selenium.remote.HttpCommandExecutor.<init>(HttpCommandExecutor.java:115) ~[selenium-remote-driver-4.11.0.jar:?]
	at org.openqa.selenium.remote.HttpCommandExecutor.<init>(HttpCommandExecutor.java:92) ~[selenium-remote-driver-4.11.0.jar:?]
	at org.openqa.selenium.remote.service.DriverCommandExecutor.<init>(DriverCommandExecutor.java:89) ~[selenium-remote-driver-4.11.0.jar:?]
	at org.openqa.selenium.chromium.ChromiumDriverCommandExecutor.<init>(ChromiumDriverCommandExecutor.java:43) ~[selenium-chromium-driver-4.11.0.jar:?]
	at org.openqa.selenium.chrome.ChromeDriver$ChromeDriverCommandExecutor.<init>(ChromeDriver.java:115) ~[selenium-chrome-driver-4.11.0.jar:?]
	at org.openqa.selenium.chrome.ChromeDriver.generateExecutor(ChromeDriver.java:105) ~[selenium-chrome-driver-4.11.0.jar:?]
	at org.openqa.selenium.chrome.ChromeDriver.<init>(ChromeDriver.java:88) ~[selenium-chrome-driver-4.11.0.jar:?]
	at org.openqa.selenium.chrome.ChromeDriver.<init>(ChromeDriver.java:83) ~[selenium-chrome-driver-4.11.0.jar:?]
	at org.openqa.selenium.chrome.ChromeDriver.<init>(ChromeDriver.java:72) ~[selenium-chrome-driver-4.11.0.jar:?]
	at automationEngine.ApplicationSetup.startBrowser(ApplicationSetup.java:194) ~[classes/:?]
	at automationEngine.ApplicationSetup.init(ApplicationSetup.java:102) ~[classes/:?]
	at java.base/jdk.internal.reflect.DirectMethodHandleAccessor.invoke(DirectMethodHandleAccessor.java:103) ~[?:?]
	at java.base/java.lang.reflect.Method.invoke(Method.java:580) ~[?:?]
	at org.testng.internal.MethodInvocationHelper.invokeMethod(MethodInvocationHelper.java:134) ~[testng-7.1.0.jar:?]
	at org.testng.internal.MethodInvocationHelper.invokeMethodConsideringTimeout(MethodInvocationHelper.java:63) ~[testng-7.1.0.jar:?]
	at org.testng.internal.ConfigInvoker.invokeConfigurationMethod(ConfigInvoker.java:348) ~[testng-7.1.0.jar:?]
	at org.testng.internal.ConfigInvoker.invokeConfigurations(ConfigInvoker.java:302) ~[testng-7.1.0.jar:?]
	at org.testng.TestRunner.invokeTestConfigurations(TestRunner.java:619) ~[testng-7.1.0.jar:?]
	at org.testng.TestRunner.beforeRun(TestRunner.java:609) ~[testng-7.1.0.jar:?]
	at org.testng.TestRunner.run(TestRunner.java:580) ~[testng-7.1.0.jar:?]
	at org.testng.SuiteRunner.runTest(SuiteRunner.java:384) ~[testng-7.1.0.jar:?]
	at org.testng.SuiteRunner.access$000(SuiteRunner.java:28) ~[testng-7.1.0.jar:?]
	at org.testng.SuiteRunner$SuiteWorker.run(SuiteRunner.java:425) ~[testng-7.1.0.jar:?]
	at org.testng.internal.thread.ThreadUtil.lambda$execute$0(ThreadUtil.java:68) ~[testng-7.1.0.jar:?]
	at java.base/java.util.concurrent.FutureTask.run(FutureTask.java:317) ~[?:?]
	at java.base/java.util.concurrent.ThreadPoolExecutor.runWorker(ThreadPoolExecutor.java:1144) ~[?:?]
	at java.base/java.util.concurrent.ThreadPoolExecutor$Worker.run(ThreadPoolExecutor.java:642) ~[?:?]
	at java.base/java.lang.Thread.run(Thread.java:1583) [?:?]
14:38:25.568 [TestNG-tests-1] DEBUG io.netty.util.internal.PlatformDependent0 - java.nio.DirectByteBuffer.<init>(long, int): unavailable
14:38:25.568 [TestNG-tests-1] DEBUG io.netty.util.internal.PlatformDependent - sun.misc.Unsafe: available
14:38:25.569 [TestNG-tests-1] DEBUG io.netty.util.internal.PlatformDependent - maxDirectMemory: 4200595456 bytes (maybe)
14:38:25.570 [TestNG-tests-1] DEBUG io.netty.util.internal.PlatformDependent - -Dio.netty.tmpdir: C:\Users\KALPES~1.DEO\AppData\Local\Temp (java.io.tmpdir)
14:38:25.570 [TestNG-tests-1] DEBUG io.netty.util.internal.PlatformDependent - -Dio.netty.bitMode: 64 (sun.arch.data.model)
14:38:25.570 [TestNG-tests-1] DEBUG io.netty.util.internal.PlatformDependent - Platform: Windows
14:38:25.571 [TestNG-tests-1] DEBUG io.netty.util.internal.PlatformDependent - -Dio.netty.maxDirectMemory: -1 bytes
14:38:25.571 [TestNG-tests-1] DEBUG io.netty.util.internal.PlatformDependent - -Dio.netty.uninitializedArrayAllocationThreshold: -1
14:38:25.573 [TestNG-tests-1] DEBUG io.netty.util.internal.CleanerJava9 - java.nio.ByteBuffer.cleaner(): available
14:38:25.573 [TestNG-tests-1] DEBUG io.netty.util.internal.PlatformDependent - -Dio.netty.noPreferDirect: false
14:38:25.580 [TestNG-tests-1] DEBUG io.netty.util.internal.PlatformDependent - org.jctools-core.MpscChunkedArrayQueue: available
14:38:25.597 [TestNG-tests-1] DEBUG io.netty.util.internal.InternalThreadLocalMap - -Dio.netty.threadLocalMap.stringBuilder.initialSize: 1024
14:38:25.597 [TestNG-tests-1] DEBUG io.netty.util.internal.InternalThreadLocalMap - -Dio.netty.threadLocalMap.stringBuilder.maxSize: 4096
14:38:25.646 [TestNG-tests-1] DEBUG io.netty.handler.ssl.JdkSslContext - Default protocols (JDK): [TLSv1.2, TLSv1.1, TLSv1] 
14:38:25.647 [TestNG-tests-1] DEBUG io.netty.handler.ssl.JdkSslContext - Default cipher suites (JDK): [TLS_ECDHE_ECDSA_WITH_AES_256_GCM_SHA384, TLS_ECDHE_ECDSA_WITH_AES_128_GCM_SHA256, TLS_ECDHE_RSA_WITH_AES_128_GCM_SHA256, TLS_ECDHE_RSA_WITH_AES_128_CBC_SHA, TLS_ECDHE_RSA_WITH_AES_256_CBC_SHA, TLS_RSA_WITH_AES_128_GCM_SHA256, TLS_RSA_WITH_AES_128_CBC_SHA, TLS_RSA_WITH_AES_256_CBC_SHA]
14:38:25.663 [TestNG-tests-1] DEBUG io.netty.util.concurrent.GlobalEventExecutor - -Dio.netty.globalEventExecutor.quietPeriodSeconds: 1
14:38:25.678 [TestNG-tests-1] DEBUG io.netty.channel.MultithreadEventLoopGroup - -Dio.netty.eventLoopThreads: 24
14:38:25.687 [TestNG-tests-1] DEBUG io.netty.channel.nio.NioEventLoop - -Dio.netty.noKeySetOptimization: false
14:38:25.687 [TestNG-tests-1] DEBUG io.netty.channel.nio.NioEventLoop - -Dio.netty.selectorAutoRebuildThreshold: 512
14:38:25.699 [TestNG-tests-1] TRACE io.netty.channel.nio.NioEventLoop - instrumented a special java.util.Set into: sun.nio.ch.WEPollSelectorImpl@465c58f3
14:38:25.703 [TestNG-tests-1] TRACE io.netty.channel.nio.NioEventLoop - instrumented a special java.util.Set into: sun.nio.ch.WEPollSelectorImpl@212b5b90
14:38:25.706 [TestNG-tests-1] TRACE io.netty.channel.nio.NioEventLoop - instrumented a special java.util.Set into: sun.nio.ch.WEPollSelectorImpl@2145dad6
14:38:25.708 [TestNG-tests-1] TRACE io.netty.channel.nio.NioEventLoop - instrumented a special java.util.Set into: sun.nio.ch.WEPollSelectorImpl@35121de7
14:38:25.710 [TestNG-tests-1] TRACE io.netty.channel.nio.NioEventLoop - instrumented a special java.util.Set into: sun.nio.ch.WEPollSelectorImpl@7f73727d
14:38:25.712 [TestNG-tests-1] TRACE io.netty.channel.nio.NioEventLoop - instrumented a special java.util.Set into: sun.nio.ch.WEPollSelectorImpl@4ff41d8
14:38:25.714 [TestNG-tests-1] TRACE io.netty.channel.nio.NioEventLoop - instrumented a special java.util.Set into: sun.nio.ch.WEPollSelectorImpl@be3a8fb
14:38:25.716 [TestNG-tests-1] TRACE io.netty.channel.nio.NioEventLoop - instrumented a special java.util.Set into: sun.nio.ch.WEPollSelectorImpl@2ebb7145
14:38:25.718 [TestNG-tests-1] TRACE io.netty.channel.nio.NioEventLoop - instrumented a special java.util.Set into: sun.nio.ch.WEPollSelectorImpl@4a3f1e75
14:38:25.720 [TestNG-tests-1] TRACE io.netty.channel.nio.NioEventLoop - instrumented a special java.util.Set into: sun.nio.ch.WEPollSelectorImpl@34b0776b
14:38:25.722 [TestNG-tests-1] TRACE io.netty.channel.nio.NioEventLoop - instrumented a special java.util.Set into: sun.nio.ch.WEPollSelectorImpl@2202b576
14:38:25.725 [TestNG-tests-1] TRACE io.netty.channel.nio.NioEventLoop - instrumented a special java.util.Set into: sun.nio.ch.WEPollSelectorImpl@5746c92a
14:38:25.727 [TestNG-tests-1] TRACE io.netty.channel.nio.NioEventLoop - instrumented a special java.util.Set into: sun.nio.ch.WEPollSelectorImpl@65b8a901
14:38:25.728 [TestNG-tests-1] TRACE io.netty.channel.nio.NioEventLoop - instrumented a special java.util.Set into: sun.nio.ch.WEPollSelectorImpl@528491f2
14:38:25.730 [TestNG-tests-1] TRACE io.netty.channel.nio.NioEventLoop - instrumented a special java.util.Set into: sun.nio.ch.WEPollSelectorImpl@659a27d1
14:38:25.732 [TestNG-tests-1] TRACE io.netty.channel.nio.NioEventLoop - instrumented a special java.util.Set into: sun.nio.ch.WEPollSelectorImpl@474bdd1
14:38:25.734 [TestNG-tests-1] TRACE io.netty.channel.nio.NioEventLoop - instrumented a special java.util.Set into: sun.nio.ch.WEPollSelectorImpl@24a4fcff
14:38:25.736 [TestNG-tests-1] TRACE io.netty.channel.nio.NioEventLoop - instrumented a special java.util.Set into: sun.nio.ch.WEPollSelectorImpl@5259e298
14:38:25.739 [TestNG-tests-1] TRACE io.netty.channel.nio.NioEventLoop - instrumented a special java.util.Set into: sun.nio.ch.WEPollSelectorImpl@6649e3ad
14:38:25.741 [TestNG-tests-1] TRACE io.netty.channel.nio.NioEventLoop - instrumented a special java.util.Set into: sun.nio.ch.WEPollSelectorImpl@47f25080
14:38:25.743 [TestNG-tests-1] TRACE io.netty.channel.nio.NioEventLoop - instrumented a special java.util.Set into: sun.nio.ch.WEPollSelectorImpl@44320f85
14:38:25.744 [TestNG-tests-1] TRACE io.netty.channel.nio.NioEventLoop - instrumented a special java.util.Set into: sun.nio.ch.WEPollSelectorImpl@59e268b9
14:38:25.746 [TestNG-tests-1] TRACE io.netty.channel.nio.NioEventLoop - instrumented a special java.util.Set into: sun.nio.ch.WEPollSelectorImpl@701faca3
14:38:25.748 [TestNG-tests-1] TRACE io.netty.channel.nio.NioEventLoop - instrumented a special java.util.Set into: sun.nio.ch.WEPollSelectorImpl@253c8470
14:38:25.762 [TestNG-tests-1] DEBUG io.netty.buffer.PooledByteBufAllocator - -Dio.netty.allocator.numHeapArenas: 24
14:38:25.762 [TestNG-tests-1] DEBUG io.netty.buffer.PooledByteBufAllocator - -Dio.netty.allocator.numDirectArenas: 24
14:38:25.762 [TestNG-tests-1] DEBUG io.netty.buffer.PooledByteBufAllocator - -Dio.netty.allocator.pageSize: 8192
14:38:25.762 [TestNG-tests-1] DEBUG io.netty.buffer.PooledByteBufAllocator - -Dio.netty.allocator.maxOrder: 9
14:38:25.763 [TestNG-tests-1] DEBUG io.netty.buffer.PooledByteBufAllocator - -Dio.netty.allocator.chunkSize: 4194304
14:38:25.763 [TestNG-tests-1] DEBUG io.netty.buffer.PooledByteBufAllocator - -Dio.netty.allocator.smallCacheSize: 256
14:38:25.763 [TestNG-tests-1] DEBUG io.netty.buffer.PooledByteBufAllocator - -Dio.netty.allocator.normalCacheSize: 64
14:38:25.764 [TestNG-tests-1] DEBUG io.netty.buffer.PooledByteBufAllocator - -Dio.netty.allocator.maxCachedBufferCapacity: 32768
14:38:25.764 [TestNG-tests-1] DEBUG io.netty.buffer.PooledByteBufAllocator - -Dio.netty.allocator.cacheTrimInterval: 8192
14:38:25.764 [TestNG-tests-1] DEBUG io.netty.buffer.PooledByteBufAllocator - -Dio.netty.allocator.cacheTrimIntervalMillis: 0
14:38:25.764 [TestNG-tests-1] DEBUG io.netty.buffer.PooledByteBufAllocator - -Dio.netty.allocator.useCacheForAllThreads: false
14:38:25.764 [TestNG-tests-1] DEBUG io.netty.buffer.PooledByteBufAllocator - -Dio.netty.allocator.maxCachedByteBuffersPerChunk: 1023
14:38:25.772 [TestNG-tests-1] DEBUG io.netty.buffer.ByteBufUtil - -Dio.netty.allocator.type: pooled
14:38:25.773 [TestNG-tests-1] DEBUG io.netty.buffer.ByteBufUtil - -Dio.netty.threadLocalDirectBufferSize: 0
14:38:25.773 [TestNG-tests-1] DEBUG io.netty.buffer.ByteBufUtil - -Dio.netty.maxThreadLocalCharBufferSize: 16384
14:38:25.994 [Forwarding newSession on session null to remote] DEBUG io.netty.channel.DefaultChannelId - -Dio.netty.processId: 23080 (auto-detected)
14:38:25.996 [Forwarding newSession on session null to remote] DEBUG io.netty.util.NetUtil - -Djava.net.preferIPv4Stack: false
14:38:25.996 [Forwarding newSession on session null to remote] DEBUG io.netty.util.NetUtil - -Djava.net.preferIPv6Addresses: false
14:38:25.998 [Forwarding newSession on session null to remote] DEBUG io.netty.util.NetUtilInitializations - Loopback interface: loopback_0 (Software Loopback Interface 1, 0:0:0:0:0:0:0:1)
14:38:25.999 [Forwarding newSession on session null to remote] DEBUG io.netty.util.NetUtil - Failed to get SOMAXCONN from sysctl and file \proc\sys\net\core\somaxconn. Default: 200
14:38:26.000 [Forwarding newSession on session null to remote] DEBUG io.netty.channel.DefaultChannelId - -Dio.netty.machineId: 7c:4d:8f:ff:fe:a8:46:60 (auto-detected)
14:38:26.026 [AsyncHttpClient-1-2] DEBUG io.netty.buffer.AbstractByteBuf - -Dio.netty.buffer.checkAccessible: true
14:38:26.027 [AsyncHttpClient-1-2] DEBUG io.netty.buffer.AbstractByteBuf - -Dio.netty.buffer.checkBounds: true
14:38:26.027 [AsyncHttpClient-1-2] DEBUG io.netty.util.ResourceLeakDetectorFactory - Loaded default ResourceLeakDetector: io.netty.util.ResourceLeakDetector@4d881f4b
14:38:26.041 [AsyncHttpClient-1-2] DEBUG io.netty.util.Recycler - -Dio.netty.recycler.maxCapacityPerThread: 4096
14:38:26.041 [AsyncHttpClient-1-2] DEBUG io.netty.util.Recycler - -Dio.netty.recycler.ratio: 8
14:38:26.041 [AsyncHttpClient-1-2] DEBUG io.netty.util.Recycler - -Dio.netty.recycler.chunkSize: 32
14:38:26.041 [AsyncHttpClient-1-2] DEBUG io.netty.util.Recycler - -Dio.netty.recycler.blocking: false
14:38:26.041 [AsyncHttpClient-1-2] DEBUG io.netty.util.Recycler - -Dio.netty.recycler.batchFastThreadLocalOnly: true
14:38:26.722 [AsyncHttpClient-1-2] DEBUG io.netty.handler.codec.compression.Brotli - brotli4j not in the classpath; Brotli support will be unavailable.
14:38:26.822 [TestNG-tests-1] DEBUG io.netty.util.internal.ThreadLocalRandom - -Dio.netty.initialSeedUniquifier: 0x61099b5300545366
Browser Launched
14:38:31.714 [TestNG-tests-1] DEBUG utilities.CommonMethods - Object is Visible/Enabled: By.xpath: //span[@class='mat-mdc-button-touch-target']
14:38:33.371 [TestNG-tests-1] DEBUG utilities.CommonMethods - Clicking on element with locator: By.xpath: //span[@class='mat-mdc-button-touch-target']
14:38:36.224 [TestNG-tests-1] DEBUG utilities.CommonMethods - Object is Visible/Enabled: By.xpath: //input[@type='email']
14:38:36.498 [TestNG-tests-1] DEBUG utilities.CommonMethods - Setting text <sneh.Solanki@rishabhsoft.com> in field with locator: By.xpath: //input[@type='email']
sneh.Solanki@rishabhsoft.com
14:38:37.158 [TestNG-tests-1] DEBUG utilities.CommonMethods - Object is Visible/Enabled: By.xpath: //input[@type='submit']
14:38:37.176 [TestNG-tests-1] DEBUG utilities.CommonMethods - Clicking on element with locator: By.xpath: //input[@type='submit']
14:38:38.424 [TestNG-tests-1] DEBUG utilities.CommonMethods - Object is Visible/Enabled: By.xpath: //input[@type='password']
14:38:38.617 [TestNG-tests-1] DEBUG utilities.CommonMethods - Setting text <Ss@082025> in field with locator: By.xpath: //input[@type='password']
Ss@082025
14:38:39.181 [TestNG-tests-1] DEBUG utilities.CommonMethods - Object is Visible/Enabled: By.xpath: //input[@type='submit']
14:38:39.549 [TestNG-tests-1] DEBUG utilities.CommonMethods - Clicking on element with locator: By.xpath: //input[@type='submit']
14:38:40.770 [TestNG-tests-1] DEBUG utilities.CommonMethods - Object is Visible/Enabled: By.xpath: //input[@type='checkbox']
14:38:40.786 [TestNG-tests-1] DEBUG utilities.CommonMethods - Clicking on element with locator: By.xpath: //input[@type='checkbox']
14:38:41.935 [TestNG-tests-1] DEBUG utilities.CommonMethods - Object is Visible/Enabled: By.id: idSIButton9
14:38:42.997 [TestNG-tests-1] DEBUG utilities.CommonMethods - Clicking on element with locator: By.id: idSIButton9
CheckBox Selected
https://login.microsoftonline.com/favicon.ico - Failed to load resource: the server responded with a status of 404 ()
]]></system-out>
    <system-err><![CDATA[SLF4J: No SLF4J providers were found.
SLF4J: Defaulting to no-operation (NOP) logger implementation
SLF4J: See https://www.slf4j.org/codes.html#noProviders for further details.
Aug 11, 2025 2:38:26 PM org.openqa.selenium.devtools.CdpVersionFinder findNearestMatch
WARNING: Unable to find CDP implementation matching 138
Aug 11, 2025 2:38:26 PM org.openqa.selenium.chromium.ChromiumDriver lambda$new$5
WARNING: Unable to find version of CDP to use for 138.0.7204.184. You may need to include a dependency on a specific version of the CDP using something similar to `org.seleniumhq.selenium:selenium-devtools-v86:4.11.0` where the version ("v86") matches the version of the chromium-based browser you're using and the version number of the artifact is the same as Selenium's.
log4j:WARN No appenders could be found for logger (utilities.ExtentReportBuilder).
log4j:WARN Please initialize the log4j system properly.
log4j:WARN See http://logging.apache.org/log4j/1.2/faq.html#noconfig for more info.
]]></system-err>
  </testcase>
  <testcase name="verifyUserCanAddReasonforTaggedResourceAndValidateitisVisibleOnDashBoard[IntelliCare AI Health Risk Model, Skill Mismatch](1)" classname="testCases.VerifyAddReasonFromTagResourceAndCheckOnDashBoard" time="45.215">
    <failure message="Exception while verifying Opportunity ID: Opportunity ID &apos;IntelliCare AI Health Risk Model&apos; did not appear in search results within timeout." type="java.lang.AssertionError"><![CDATA[java.lang.AssertionError: Exception while verifying Opportunity ID: Opportunity ID 'IntelliCare AI Health Risk Model' did not appear in search results within timeout.
	at org.testng.Assert.fail(Assert.java:97)
	at businesslogic.TagResourcesBL.verifyReasonAppearOnDashBoardScreen(TagResourcesBL.java:306)
	at testCases.VerifyAddReasonFromTagResourceAndCheckOnDashBoard.verifyUserCanAddReasonforTaggedResourceAndValidateitisVisibleOnDashBoard(VerifyAddReasonFromTagResourceAndCheckOnDashBoard.java:43)
	at java.base/jdk.internal.reflect.DirectMethodHandleAccessor.invoke(DirectMethodHandleAccessor.java:103)
	at java.base/java.lang.reflect.Method.invoke(Method.java:580)
	at org.testng.internal.MethodInvocationHelper.invokeMethod(MethodInvocationHelper.java:134)
	at org.testng.internal.TestInvoker.invokeMethod(TestInvoker.java:597)
	at org.testng.internal.TestInvoker.invokeTestMethod(TestInvoker.java:173)
	at org.testng.internal.MethodRunner.runInSequence(MethodRunner.java:46)
	at org.testng.internal.TestInvoker$MethodInvocationAgent.invoke(TestInvoker.java:816)
	at org.testng.internal.TestInvoker.invokeTestMethods(TestInvoker.java:146)
	at org.testng.internal.TestMethodWorker.invokeTestMethods(TestMethodWorker.java:146)
	at org.testng.internal.TestMethodWorker.run(TestMethodWorker.java:128)
	at java.base/java.util.ArrayList.forEach(ArrayList.java:1596)
	at org.testng.TestRunner.privateRun(TestRunner.java:766)
	at org.testng.TestRunner.run(TestRunner.java:587)
	at org.testng.SuiteRunner.runTest(SuiteRunner.java:384)
	at org.testng.SuiteRunner.access$000(SuiteRunner.java:28)
	at org.testng.SuiteRunner$SuiteWorker.run(SuiteRunner.java:425)
	at org.testng.internal.thread.ThreadUtil.lambda$execute$0(ThreadUtil.java:68)
	at java.base/java.util.concurrent.FutureTask.run(FutureTask.java:317)
	at java.base/java.util.concurrent.ThreadPoolExecutor.runWorker(ThreadPoolExecutor.java:1144)
	at java.base/java.util.concurrent.ThreadPoolExecutor$Worker.run(ThreadPoolExecutor.java:642)
	at java.base/java.lang.Thread.run(Thread.java:1583)
]]></failure>
    <system-out><![CDATA[14:38:43.781 [TestNG-tests-1] DEBUG utilities.CommonMethods - Object is Visible/Enabled: By.xpath: //span[text()='Operations']/ancestor::mat-list-item
14:38:43.803 [TestNG-tests-1] DEBUG utilities.CommonMethods - Clicking on element with locator: By.xpath: //span[text()='Operations']/ancestor::mat-list-item
14:38:44.028 [TestNG-tests-1] DEBUG utilities.CommonMethods - Object is Visible/Enabled: By.xpath: //span[contains(@class,'app-menu__label') and text()='Opportunity Tracker']
14:38:44.042 [TestNG-tests-1] DEBUG utilities.CommonMethods - Clicking on element with locator: By.xpath: //span[contains(@class,'app-menu__label') and text()='Opportunity Tracker']
14:38:45.087 [TestNG-tests-1] DEBUG utilities.CommonMethods - Object is Visible/Enabled: By.xpath: //input[contains(@placeholder,'Search')]
14:38:45.591 [TestNG-tests-1] DEBUG utilities.CommonMethods - Setting text <IntelliCare AI Health Risk Model> in field with locator: By.xpath: //input[contains(@placeholder,'Search')]
14:38:46.567 [TestNG-tests-1] DEBUG utilities.CommonMethods - Object is Visible/Enabled: By.xpath: //td[contains(normalize-space(text()),'IntelliCare AI Health Risk Model')]//ancestor::tr//a[contains(normalize-space(text()),'Tagged')]
14:38:46.588 [TestNG-tests-1] DEBUG utilities.CommonMethods - Clicking on element with locator: By.xpath: //td[contains(normalize-space(text()),'IntelliCare AI Health Risk Model')]//ancestor::tr//a[contains(normalize-space(text()),'Tagged')]
14:38:47.334 [TestNG-tests-1] DEBUG utilities.CommonMethods - Object is Visible/Enabled: By.xpath: //button[text()='Edit Resource']
14:38:47.366 [TestNG-tests-1] DEBUG utilities.CommonMethods - Clicking on element with locator: By.xpath: //button[text()='Edit Resource']
14:38:51.642 [TestNG-tests-1] DEBUG utilities.CommonMethods - Object is Visible/Enabled: By.xpath: //mat-select[@placeholder='Select Reason']
14:38:51.652 [TestNG-tests-1] DEBUG utilities.CommonMethods - Clicking on element with locator: By.xpath: //mat-select[@placeholder='Select Reason']
14:38:52.884 [TestNG-tests-1] DEBUG utilities.CommonMethods - Object is Visible/Enabled: By.xpath: //span[normalize-space(text())='Skill Mismatch']
14:38:52.901 [TestNG-tests-1] DEBUG utilities.CommonMethods - Clicking on element with locator: By.xpath: //span[normalize-space(text())='Skill Mismatch']
14:38:53.286 [TestNG-tests-1] DEBUG utilities.CommonMethods - Object is Visible/Enabled: By.xpath: //span[normalize-space(text())='Add Reason']
14:38:53.298 [TestNG-tests-1] DEBUG utilities.CommonMethods - Clicking on element with locator: By.xpath: //span[normalize-space(text())='Add Reason']
14:38:54.720 [TestNG-tests-1] DEBUG utilities.CommonMethods - Object is Visible/Enabled: By.xpath: //button[@mattooltip='Close']
14:38:54.731 [TestNG-tests-1] DEBUG utilities.CommonMethods - Clicking on element with locator: By.xpath: //button[@mattooltip='Close']
14:38:57.060 [TestNG-tests-1] DEBUG utilities.CommonMethods - Object is Visible/Enabled: By.xpath: (//button[@type='submit'][contains(text(),'Submit')])[2]
14:38:57.074 [TestNG-tests-1] DEBUG utilities.CommonMethods - Clicking on element with locator: By.xpath: (//button[@type='submit'][contains(text(),'Submit')])[2]
14:38:57.489 [TestNG-tests-1] DEBUG utilities.CommonMethods - Object is Visible/Enabled: By.xpath: //span[text()='Dashboard']
14:38:57.536 [TestNG-tests-1] DEBUG utilities.CommonMethods - Clicking on element with locator: By.xpath: //span[text()='Dashboard']
14:38:58.099 [TestNG-tests-1] DEBUG utilities.CommonMethods - Object is Visible/Enabled: By.xpath: (//div[@class='card-bottom multipal-category pending-actions-block']//div)[4]
14:38:58.193 [TestNG-tests-1] DEBUG utilities.CommonMethods - Clicking on element with locator: By.xpath: (//div[@class='card-bottom multipal-category pending-actions-block']//div)[4]
]]></system-out>
  </testcase>
</testsuite>